0 1
0 2
0 3
0 4
0 5
0 6
1 0
1 3
1 6
2 0
2 4
2 5
3 0
3 1
3 5
3 8
3 9
3 11
3 12
3 14
3 16
3 17
3 18
3 19
3 20
3 22
3 23
3 24
3 25
3 27
4 0
4 2
4 5
4 6
4 28
4 29
4 30
5 0
5 2
5 3
5 4
5 6
5 7
6 0
6 1
6 18
6 4
6 5
6 22
6 7
6 25
6 10
6 12
6 29
7 30
7 85
7 14
7 6
7 5
8 32
8 33
8 3
8 37
8 35
8 40
8 44
8 42
8 11
8 12
8 13
8 46
8 45
8 14
8 20
8 21
8 22
8 23
8 24
8 26
8 10
9 3
9 41
9 11
9 12
9 45
9 47
9 48
9 50
9 51
9 20
9 24
9 52
9 27
10 11
10 33
10 19
10 21
10 6
10 39
10 8
10 38
10 55
10 35
10 15
11 45
11 3
11 8
11 9
11 10
11 12
11 13
11 47
11 17
11 20
11 21
11 22
11 56
11 26
11 29
12 3
12 6
12 8
12 9
12 11
12 14
12 15
12 17
12 18
12 23
12 24
12 32
12 33
12 36
12 38
12 39
12 40
12 44
12 46
12 47
12 54
12 55
13 17
13 43
13 40
13 8
13 57
13 42
13 11
13 29
13 47
14 3
14 7
14 8
14 25
14 58
14 12
15 16
15 10
15 12
15 55
16 3
16 15
17 11
17 3
17 12
17 13
17 47
18 3
18 12
18 6
19 56
19 10
19 3
19 77
19 55
20 24
20 3
20 53
20 57
20 8
20 9
20 11
21 8
21 10
21 11
21 23
22 40
22 3
22 52
22 6
22 8
22 25
22 11
23 32
23 3
23 21
23 54
23 8
23 27
23 12
23 47
24 40
24 3
24 20
24 8
24 9
24 26
24 12
24 47
25 40
25 22
25 3
25 14
25 6
26 8
26 24
26 40
26 11
26 45
26 47
27 3
27 41
27 54
27 23
27 40
27 9
27 47
28 72
28 4
29 11
29 4
29 13
29 6
30 67
30 4
30 7
30 75
30 76
30 79
30 80
30 99
30 82
30 83
30 84
30 86
30 58
30 93
30 31
31 82
31 78
31 73
31 74
31 75
31 76
31 77
31 30
32 8
32 33
32 12
32 23
33 32
33 37
33 39
33 8
33 10
33 12
33 47
34 35
34 36
34 37
34 38
35 40
35 34
35 36
35 37
35 38
35 39
35 8
35 10
35 43
35 44
36 41
36 34
36 35
36 12
37 33
37 34
37 35
37 38
37 8
37 47
38 34
38 35
38 37
38 39
38 10
38 12
39 33
39 35
39 38
39 42
39 12
39 10
40 35
40 54
40 8
40 41
40 42
40 12
40 13
40 47
40 53
40 22
40 24
40 25
40 26
40 27
40 44
41 36
41 54
41 40
41 9
41 27
41 47
42 40
42 39
42 8
42 43
42 13
42 47
43 56
43 42
43 35
43 13
44 8
44 40
44 35
44 12
45 8
45 9
45 26
45 11
45 47
46 8
46 12
46 102
46 47
47 33
47 37
47 40
47 9
47 42
47 11
47 12
47 45
47 46
47 13
47 17
47 41
47 54
47 23
47 24
47 26
47 27
48 9
48 57
48 49
49 48
49 57
49 58
49 76
49 72
50 9
50 58
51 64
51 9
51 58
51 52
51 65
52 9
52 58
52 51
52 22
53 40
53 76
53 20
54 23
54 40
54 41
54 27
54 12
54 47
55 10
55 19
55 12
55 15
56 19
56 43
56 11
57 48
57 49
57 20
57 13
58 64
58 49
58 50
58 51
58 52
58 69
58 68
58 14
58 77
58 30
58 85
59 60
59 61
59 63
60 59
60 84
60 62
60 63
61 59
61 86
61 95
62 84
62 99
62 100
62 60
62 63
63 99
63 59
63 60
63 62
64 65
64 58
64 67
64 66
64 51
65 64
65 51
65 67
65 68
66 64
66 97
66 67
66 70
66 72
66 73
66 74
66 76
66 80
66 99
66 84
66 85
66 86
66 88
66 89
66 90
66 93
67 64
67 65
67 66
67 103
67 104
67 30
68 65
68 58
68 71
69 104
69 58
70 66
70 90
70 71
71 68
71 70
71 74
71 75
71 76
71 77
71 78
71 79
71 80
71 81
71 82
71 83
72 66
72 73
72 74
72 75
72 76
72 79
72 80
72 49
72 82
72 84
72 85
72 86
72 87
72 88
72 89
72 90
72 28
73 97
73 98
73 99
73 100
73 72
73 74
73 66
73 84
73 86
73 92
73 93
73 94
73 31
74 66
74 99
74 71
74 72
74 73
74 75
74 98
74 78
74 79
74 82
74 84
74 87
74 91
74 31
75 71
75 72
75 74
75 76
75 77
75 78
75 79
75 82
75 83
75 84
75 91
75 30
75 31
76 49
76 66
76 83
76 53
76 71
76 72
76 30
76 75
76 82
76 77
76 31
77 19
77 71
77 58
77 75
77 76
77 31
78 75
78 74
78 71
78 31
79 91
79 100
79 71
79 72
79 74
79 75
79 30
80 72
80 66
80 30
80 71
81 97
81 84
81 86
81 71
82 84
82 71
82 72
82 74
82 75
82 76
82 30
82 31
83 84
83 87
83 71
83 75
83 76
83 30
84 96
84 97
84 66
84 99
84 100
84 101
84 72
84 73
84 74
84 75
84 94
84 81
84 82
84 83
84 62
84 86
84 88
84 60
84 30
85 72
85 66
85 58
85 7
86 97
86 66
86 84
86 101
86 81
86 73
86 72
86 89
86 61
86 30
86 100
87 72
87 74
87 83
87 98
88 72
88 89
88 66
88 84
89 72
89 88
89 66
89 86
90 72
90 66
90 99
90 70
91 74
91 75
91 98
91 79
92 73
93 66
93 99
93 30
93 102
93 73
93 94
94 96
94 84
94 101
94 102
94 73
94 93
94 95
95 61
95 94
96 97
96 84
96 94
97 96
97 81
97 66
97 84
97 86
97 73
98 73
98 74
98 91
98 100
98 87
99 100
99 66
99 84
99 30
99 93
99 73
99 74
99 90
99 62
99 63
100 98
100 99
100 84
100 101
100 86
100 73
100 62
100 79
101 84
101 100
101 94
101 86
102 94
102 93
102 46
103 67
104 67
104 69
